make -C /lib/modules/3.16.0-4-amd64/build M=$PWD modules V=1
make[1]: Entering directory '/usr/src/linux-headers-3.16.0-4-amd64'
make[1]: Entering directory `/usr/src/linux-headers-3.16.0-4-amd64'
make -C /usr/src/linux-headers-3.16.0-4-amd64 \
KBUILD_SRC=/usr/src/linux-headers-3.16.0-4-common \
KBUILD_EXTMOD="/home/ramiro/eudyptula/task1" -f /usr/src/linux-headers-3.16.0-4-common/Makefile \
modules
test -e include/generated/autoconf.h -a -e include/config/auto.conf || (		\
echo >&2;							\
echo >&2 "  ERROR: Kernel configuration is invalid.";		\
echo >&2 "         include/generated/autoconf.h or include/config/auto.conf are missing.";\
echo >&2 "         Run 'make oldconfig && make prepare' on kernel src to fix it.";	\
echo >&2 ;							\
/bin/false)
mkdir -p /home/ramiro/eudyptula/task1/.tmp_versions ; rm -f /home/ramiro/eudyptula/task1/.tmp_versions/*
make -f /usr/src/linux-headers-3.16.0-4-common/scripts/Makefile.build obj=/home/ramiro/eudyptula/task1
(cat /dev/null;   echo kernel//home/ramiro/eudyptula/task1/hello_world.ko;) > /home/ramiro/eudyptula/task1/modules.order
make -f /usr/src/linux-headers-3.16.0-4-common/scripts/Makefile.modpost
  find /home/ramiro/eudyptula/task1/.tmp_versions -name '*.mod' | xargs -r grep -h '\.ko$' | sort -u | sed 's/\.ko$/.o/' | scripts/mod/modpost -m  -i ./Module.symvers -I /home/ramiro/eudyptula/task1/Module.symvers  -o /home/ramiro/eudyptula/task1/Module.symvers -S -w  -s -T -
make[1]: Leaving directory '/usr/src/linux-headers-3.16.0-4-amd64'
